<?xml version="1.0" encoding="UTF-8"?>
<testng-results skipped="0" failed="1" ignored="0" total="3" passed="2">
  <reporter-output>
  </reporter-output>
  <suite name="Suite" duration-ms="62690" started-at="2019-05-27T10:38:39Z" finished-at="2019-05-27T10:39:42Z">
    <groups>
    </groups>
    <test name="Test" duration-ms="62690" started-at="2019-05-27T10:38:39Z" finished-at="2019-05-27T10:39:42Z">
      <class name="com.mail.test.FileUploadVerify">
        <test-method status="PASS" signature="beforeMethod()[pri:0, instance:com.mail.test.FileUploadVerify@13c27452]" name="beforeMethod" is-config="true" duration-ms="12490" started-at="2019-05-27T10:39:07Z" finished-at="2019-05-27T10:39:20Z">
          <reporter-output>
          </reporter-output>
        </test-method> <!-- beforeMethod -->
        <test-method status="FAIL" signature="uplod()[pri:0, instance:com.mail.test.FileUploadVerify@13c27452]" name="uplod" duration-ms="20775" started-at="2019-05-27T10:39:20Z" finished-at="2019-05-27T10:39:40Z">
          <exception class="java.lang.AssertionError">
            <message>
              <![CDATA[expected [true] but found [false]]]>
            </message>
            <full-stacktrace>
              <![CDATA[java.lang.AssertionError: expected [true] but found [false]
at org.testng.Assert.fail(Assert.java:96)
at org.testng.Assert.failNotEquals(Assert.java:776)
at org.testng.Assert.assertTrue(Assert.java:44)
at org.testng.Assert.assertTrue(Assert.java:54)
at com.mail.test.FileUploadVerify.uplod(FileUploadVerify.java:99)
at sun.reflect.NativeMethodAccessorImpl.invoke0(Native Method)
at sun.reflect.NativeMethodAccessorImpl.invoke(NativeMethodAccessorImpl.java:62)
at sun.reflect.DelegatingMethodAccessorImpl.invoke(DelegatingMethodAccessorImpl.java:43)
at java.lang.reflect.Method.invoke(Method.java:498)
at org.testng.internal.MethodInvocationHelper.invokeMethod(MethodInvocationHelper.java:124)
at org.testng.internal.Invoker.invokeMethod(Invoker.java:583)
at org.testng.internal.Invoker.invokeTestMethod(Invoker.java:719)
at org.testng.internal.Invoker.invokeTestMethods(Invoker.java:989)
at org.testng.internal.TestMethodWorker.invokeTestMethods(TestMethodWorker.java:125)
at org.testng.internal.TestMethodWorker.run(TestMethodWorker.java:109)
at java.util.concurrent.ThreadPoolExecutor.runWorker(ThreadPoolExecutor.java:1142)
at java.util.concurrent.ThreadPoolExecutor$Worker.run(ThreadPoolExecutor.java:617)
at java.lang.Thread.run(Thread.java:745)
]]>
            </full-stacktrace>
          </exception> <!-- java.lang.AssertionError -->
          <reporter-output>
          </reporter-output>
        </test-method> <!-- uplod -->
        <test-method status="PASS" signature="afterMethod()[pri:0, instance:com.mail.test.FileUploadVerify@13c27452]" name="afterMethod" is-config="true" duration-ms="1162" started-at="2019-05-27T10:39:41Z" finished-at="2019-05-27T10:39:42Z">
          <reporter-output>
          </reporter-output>
        </test-method> <!-- afterMethod -->
      </class> <!-- com.mail.test.FileUploadVerify -->
      <class name="com.mail.test.DownloadTest2">
        <test-method status="PASS" signature="beforeMethod()[pri:0, instance:com.mail.test.DownloadTest2@46daef40]" name="beforeMethod" is-config="true" duration-ms="17606" started-at="2019-05-27T10:38:39Z" finished-at="2019-05-27T10:38:57Z">
          <reporter-output>
          </reporter-output>
        </test-method> <!-- beforeMethod -->
        <test-method status="PASS" signature="testOne()[pri:0, instance:com.mail.test.DownloadTest2@46daef40]" name="testOne" duration-ms="8684" started-at="2019-05-27T10:38:57Z" finished-at="2019-05-27T10:39:05Z">
          <reporter-output>
          </reporter-output>
        </test-method> <!-- testOne -->
        <test-method status="PASS" signature="tearDown()[pri:0, instance:com.mail.test.DownloadTest2@46daef40]" name="tearDown" is-config="true" duration-ms="1870" started-at="2019-05-27T10:39:05Z" finished-at="2019-05-27T10:39:07Z">
          <reporter-output>
          </reporter-output>
        </test-method> <!-- tearDown -->
      </class> <!-- com.mail.test.DownloadTest2 -->
      <class name="com.mail.test.DownloadTest">
        <test-method status="PASS" signature="testOne()[pri:0, instance:com.mail.test.DownloadTest@12f41634]" name="testOne" duration-ms="32112" started-at="2019-05-27T10:38:39Z" finished-at="2019-05-27T10:39:11Z">
          <reporter-output>
          </reporter-output>
        </test-method> <!-- testOne -->
        <test-method status="PASS" signature="tearDown()[pri:0, instance:com.mail.test.DownloadTest@12f41634]" name="tearDown" is-config="true" duration-ms="1434" started-at="2019-05-27T10:39:11Z" finished-at="2019-05-27T10:39:13Z">
          <reporter-output>
          </reporter-output>
        </test-method> <!-- tearDown -->
      </class> <!-- com.mail.test.DownloadTest -->
    </test> <!-- Test -->
  </suite> <!-- Suite -->
</testng-results>
